Connecting to host server, port 5201
[  5] local 10.1.3.2 port 58844 connected to 10.1.9.2 port 5201
[ ID] Interval           Transfer     Bandwidth       Retr  Cwnd
[  5]   0.00-1.00   sec  2.59 MBytes  21.7 Mbits/sec    0    288 KBytes       
[  5]   1.00-2.00   sec  1.43 MBytes  12.0 Mbits/sec    0    346 KBytes       
[  5]   2.00-3.00   sec  1.49 MBytes  12.5 Mbits/sec    0    404 KBytes       
[  5]   3.00-4.00   sec  1.43 MBytes  12.0 Mbits/sec    0    464 KBytes       
[  5]   4.00-5.00   sec  1.49 MBytes  12.5 Mbits/sec    0    522 KBytes       
[  5]   5.00-6.00   sec  1.43 MBytes  12.0 Mbits/sec    0    580 KBytes       
[  5]   6.00-7.00   sec  1.43 MBytes  12.0 Mbits/sec    0    639 KBytes       
[  5]   7.00-8.00   sec  1.37 MBytes  11.5 Mbits/sec    0    697 KBytes       
[  5]   8.00-9.00   sec  1.18 MBytes  9.89 Mbits/sec   17    503 KBytes       
[  5]   9.00-10.00  sec  1.12 MBytes  9.38 Mbits/sec    0    560 KBytes       
[  5]  10.00-11.00  sec  1.18 MBytes  9.90 Mbits/sec    0    614 KBytes       
[  5]  11.00-12.00  sec  1.12 MBytes  9.38 Mbits/sec    0    652 KBytes       
[  5]  12.00-13.00  sec   636 KBytes  5.21 Mbits/sec   13    518 KBytes       
[  5]  13.00-14.00  sec  1.68 MBytes  14.1 Mbits/sec    0    494 KBytes       
[  5]  14.00-15.00  sec  1.12 MBytes  9.38 Mbits/sec    0    526 KBytes       
[  5]  15.00-16.00  sec  1.12 MBytes  9.38 Mbits/sec    0    549 KBytes       
[  5]  16.00-17.00  sec  1.18 MBytes  9.90 Mbits/sec    0    563 KBytes       
[  5]  17.00-18.00  sec  1.12 MBytes  9.38 Mbits/sec    0    567 KBytes       
[  5]  18.00-19.00  sec  1.12 MBytes  9.38 Mbits/sec    0    568 KBytes       
[  5]  19.00-20.00  sec  1.18 MBytes  9.90 Mbits/sec    0    568 KBytes       
[  5]  20.00-21.00  sec  1.12 MBytes  9.38 Mbits/sec    0    573 KBytes       
[  5]  21.00-22.00  sec  1.12 MBytes  9.38 Mbits/sec    0    581 KBytes       
[  5]  22.00-23.00  sec  1.18 MBytes  9.90 Mbits/sec    0    600 KBytes       
[  5]  23.00-24.00  sec  1.12 MBytes  9.38 Mbits/sec    0    629 KBytes       
[  5]  24.00-25.00  sec  1.06 MBytes  8.86 Mbits/sec   81    454 KBytes       
[  5]  25.00-26.00  sec  1.12 MBytes  9.38 Mbits/sec    0    509 KBytes       
[  5]  26.00-27.00  sec  1.12 MBytes  9.38 Mbits/sec    0    559 KBytes       
[  5]  27.00-28.00  sec  1.12 MBytes  9.38 Mbits/sec    0    592 KBytes       
[  5]  28.00-29.00  sec  1.18 MBytes  9.90 Mbits/sec    0    615 KBytes       
[  5]  29.00-30.00  sec  1.12 MBytes  9.38 Mbits/sec    0    628 KBytes       
[  5]  30.00-31.00  sec  1.12 MBytes  9.38 Mbits/sec    0    632 KBytes       
[  5]  31.00-32.00  sec  1.18 MBytes  9.90 Mbits/sec    0    634 KBytes       
[  5]  32.00-33.00  sec  1.12 MBytes  9.38 Mbits/sec    0    634 KBytes       
[  5]  33.00-34.00  sec  1.12 MBytes  9.38 Mbits/sec    0    638 KBytes       
[  5]  34.00-35.00  sec  1.18 MBytes  9.90 Mbits/sec    0    648 KBytes       
[  5]  35.00-36.00  sec  1.12 MBytes  9.38 Mbits/sec    0    666 KBytes       
[  5]  36.00-37.00  sec  1.12 MBytes  9.38 Mbits/sec   37    481 KBytes       
[  5]  37.00-38.00  sec  1.12 MBytes  9.38 Mbits/sec   16    356 KBytes       
[  5]  38.00-39.00  sec  1.24 MBytes  10.4 Mbits/sec    0    385 KBytes       
[  5]  39.00-40.00  sec  1.12 MBytes  9.38 Mbits/sec    0    407 KBytes       
[  5]  40.00-41.00  sec  1.12 MBytes  9.38 Mbits/sec    0    420 KBytes       
[  5]  41.00-42.00  sec  1.12 MBytes  9.38 Mbits/sec    0    427 KBytes       
[  5]  42.00-43.00  sec  1.06 MBytes  8.86 Mbits/sec  119    315 KBytes       
[  5]  43.00-44.00  sec  1.12 MBytes  9.38 Mbits/sec    0    361 KBytes       
[  5]  44.00-45.00  sec  1.12 MBytes  9.38 Mbits/sec    0    393 KBytes       
[  5]  45.00-46.00  sec  1.12 MBytes  9.38 Mbits/sec    0    413 KBytes       
[  5]  46.00-47.00  sec  1.12 MBytes  9.38 Mbits/sec    0    423 KBytes       
[  5]  47.00-48.00  sec  1.18 MBytes  9.90 Mbits/sec    0    427 KBytes       
[  5]  48.00-49.00  sec  1.12 MBytes  9.38 Mbits/sec    0    427 KBytes       
[  5]  49.00-50.00  sec  1.12 MBytes  9.38 Mbits/sec    0    428 KBytes       
[  5]  50.00-51.00  sec  1.18 MBytes  9.90 Mbits/sec    0    433 KBytes       
[  5]  51.00-52.00  sec  1.12 MBytes  9.38 Mbits/sec    0    444 KBytes       
[  5]  52.00-53.00  sec  1.12 MBytes  9.38 Mbits/sec    0    464 KBytes       
[  5]  53.00-54.00  sec  1018 KBytes  8.34 Mbits/sec   10    440 KBytes       
[  5]  54.00-55.00  sec  1.25 MBytes  10.5 Mbits/sec   53    252 KBytes       
[  5]  55.00-56.00  sec  1.17 MBytes  9.84 Mbits/sec    0    274 KBytes       
[  5]  56.00-57.00  sec  1.12 MBytes  9.38 Mbits/sec    0    291 KBytes       
[  5]  57.00-58.00  sec  1.18 MBytes  9.90 Mbits/sec    0    298 KBytes       
[  5]  58.00-59.00  sec  1.12 MBytes  9.38 Mbits/sec    0    300 KBytes       
[  5]  59.00-60.00  sec  1.12 MBytes  9.38 Mbits/sec    0    300 KBytes       
[  5]  60.00-61.00  sec  1.12 MBytes  9.38 Mbits/sec   26    214 KBytes       
[  5]  61.00-62.00  sec  1.18 MBytes  9.90 Mbits/sec    0    249 KBytes       
[  5]  62.00-63.00  sec  1.12 MBytes  9.38 Mbits/sec    0    276 KBytes       
[  5]  63.00-64.00  sec  1.12 MBytes  9.38 Mbits/sec   20    208 KBytes       
[  5]  64.00-65.00  sec  1.18 MBytes  9.90 Mbits/sec    0    225 KBytes       
[  5]  65.00-66.00  sec  1.12 MBytes  9.38 Mbits/sec   32    170 KBytes       
[  5]  66.00-67.00  sec  1.12 MBytes  9.38 Mbits/sec    0    185 KBytes       
[  5]  67.00-68.00  sec  1.12 MBytes  9.38 Mbits/sec    0    192 KBytes       
[  5]  68.00-69.00  sec  1.12 MBytes  9.38 Mbits/sec    0    194 KBytes       
[  5]  69.00-70.00  sec  1.18 MBytes  9.90 Mbits/sec    0    194 KBytes       
[  5]  70.00-71.00  sec  1.12 MBytes  9.38 Mbits/sec    0    195 KBytes       
[  5]  71.00-72.00  sec  1.12 MBytes  9.38 Mbits/sec   62    143 KBytes       
[  5]  72.00-73.00  sec  1.12 MBytes  9.38 Mbits/sec    0    171 KBytes       
[  5]  73.00-74.00  sec  1.12 MBytes  9.38 Mbits/sec    0    188 KBytes       
[  5]  74.00-75.00  sec  1.12 MBytes  9.38 Mbits/sec    0    198 KBytes       
[  5]  75.00-76.00  sec  1.12 MBytes  9.38 Mbits/sec    0    199 KBytes       
[  5]  76.00-77.00  sec  1.18 MBytes  9.90 Mbits/sec    0    199 KBytes       
[  5]  77.00-78.00  sec  1.12 MBytes  9.38 Mbits/sec    0    201 KBytes       
[  5]  78.00-79.00  sec  1.12 MBytes  9.38 Mbits/sec    0    206 KBytes       
[  5]  79.00-80.00  sec  1.18 MBytes  9.90 Mbits/sec    0    218 KBytes       
[  5]  80.00-81.00  sec   954 KBytes  7.82 Mbits/sec   27    165 KBytes       
[  5]  81.00-82.00  sec  1.25 MBytes  10.5 Mbits/sec    0    195 KBytes       
[  5]  82.00-83.00  sec  1.17 MBytes  9.84 Mbits/sec    0    218 KBytes       
[  5]  83.00-84.00  sec  1.12 MBytes  9.38 Mbits/sec    0    232 KBytes       
[  5]  84.00-85.00  sec  1.18 MBytes  9.90 Mbits/sec    0    238 KBytes       
[  5]  85.00-86.00  sec  1.12 MBytes  9.38 Mbits/sec    0    238 KBytes       
[  5]  86.00-87.00  sec  1.12 MBytes  9.38 Mbits/sec    0    238 KBytes       
[  5]  87.00-88.00  sec  1.18 MBytes  9.90 Mbits/sec   26    182 KBytes       
[  5]  88.00-89.00  sec  1.12 MBytes  9.38 Mbits/sec    0    211 KBytes       
[  5]  89.00-90.00  sec  1.12 MBytes  9.38 Mbits/sec    0    228 KBytes       
[  5]  90.00-91.00  sec  1.06 MBytes  8.86 Mbits/sec   63    168 KBytes       
[  5]  91.00-92.00  sec  1.12 MBytes  9.38 Mbits/sec    0    185 KBytes       
[  5]  92.00-93.00  sec  1.18 MBytes  9.90 Mbits/sec    0    195 KBytes       
[  5]  93.00-94.00  sec  1.12 MBytes  9.38 Mbits/sec    0    197 KBytes       
[  5]  94.00-95.00  sec  1.12 MBytes  9.38 Mbits/sec    0    197 KBytes       
[  5]  95.00-96.00  sec  1.18 MBytes  9.90 Mbits/sec    0    198 KBytes       
[  5]  96.00-97.00  sec  1.12 MBytes  9.38 Mbits/sec    0    204 KBytes       
[  5]  97.00-98.00  sec  1.12 MBytes  9.38 Mbits/sec    0    216 KBytes       
[  5]  98.00-99.00  sec  1.18 MBytes  9.90 Mbits/sec    0    239 KBytes       
[  5]  99.00-100.00 sec   891 KBytes  7.30 Mbits/sec  125    164 KBytes       
[  5] 100.00-101.00 sec  1.06 MBytes  8.86 Mbits/sec   13    158 KBytes       
[  5] 101.00-102.00 sec  1.25 MBytes  10.5 Mbits/sec    0    165 KBytes       
[  5] 102.00-103.00 sec  1.17 MBytes  9.84 Mbits/sec    0    177 KBytes       
[  5] 103.00-104.00 sec  1.18 MBytes  9.90 Mbits/sec    0    180 KBytes       
[  5] 104.00-105.00 sec  1.12 MBytes  9.38 Mbits/sec   23    134 KBytes       
[  5] 105.00-106.00 sec  1.12 MBytes  9.38 Mbits/sec    0    158 KBytes       
[  5] 106.00-107.00 sec  1.12 MBytes  9.38 Mbits/sec    0    173 KBytes       
[  5] 107.00-108.00 sec  1.18 MBytes  9.90 Mbits/sec    0    180 KBytes       
[  5] 108.00-109.00 sec  1.06 MBytes  8.86 Mbits/sec    0    180 KBytes       
[  5] 109.00-110.00 sec  1.18 MBytes  9.90 Mbits/sec   37    148 KBytes       
[  5] 110.00-111.00 sec  1018 KBytes  8.34 Mbits/sec    0    167 KBytes       
[  5] 111.00-112.00 sec  1.18 MBytes  9.90 Mbits/sec   72    130 KBytes       
[  5] 112.00-113.00 sec  1.12 MBytes  9.38 Mbits/sec    9   99.0 KBytes       
[  5] 113.00-114.00 sec  1.12 MBytes  9.38 Mbits/sec   13   77.8 KBytes       
[  5] 114.00-115.00 sec  1.18 MBytes  9.90 Mbits/sec    0   89.1 KBytes       
[  5] 115.00-116.00 sec  1.62 MBytes  13.6 Mbits/sec   33   76.4 KBytes       
[  5] 116.00-117.00 sec  2.24 MBytes  18.8 Mbits/sec    0   96.2 KBytes       
[  5] 117.00-118.00 sec  2.73 MBytes  22.9 Mbits/sec    0    116 KBytes       
[  5] 118.00-119.00 sec  3.23 MBytes  27.1 Mbits/sec    0    137 KBytes       
[  5] 119.00-120.00 sec  3.73 MBytes  31.3 Mbits/sec    0    156 KBytes       
[  5] 120.00-121.00 sec  4.23 MBytes  35.5 Mbits/sec    0    175 KBytes       
[  5] 121.00-122.00 sec  4.78 MBytes  40.1 Mbits/sec    0    195 KBytes       
[  5] 122.00-123.00 sec  5.28 MBytes  44.3 Mbits/sec    0    215 KBytes       
[  5] 123.00-124.00 sec  5.65 MBytes  47.4 Mbits/sec    0    235 KBytes       
[  5] 124.00-125.00 sec  5.59 MBytes  46.9 Mbits/sec    0    256 KBytes       
[  5] 125.00-126.00 sec  5.53 MBytes  46.4 Mbits/sec    0    345 KBytes       
[  5] 126.00-127.00 sec  5.47 MBytes  45.9 Mbits/sec    0    460 KBytes       
[  5] 127.00-128.00 sec  5.53 MBytes  46.4 Mbits/sec    0    604 KBytes       
[  5] 128.00-129.00 sec  5.47 MBytes  45.9 Mbits/sec    0    778 KBytes       
[  5] 129.00-130.00 sec  5.53 MBytes  46.4 Mbits/sec    0    987 KBytes       
[  5] 130.00-131.00 sec  5.34 MBytes  44.8 Mbits/sec    0   1.20 MBytes       
[  5] 131.00-132.00 sec  5.34 MBytes  44.8 Mbits/sec    0   1.47 MBytes       
[  5] 132.00-133.00 sec  5.53 MBytes  46.4 Mbits/sec    0   1.79 MBytes       
[  5] 133.00-134.00 sec  5.28 MBytes  44.3 Mbits/sec    0   2.14 MBytes       
[  5] 134.00-135.00 sec  5.20 MBytes  43.6 Mbits/sec    0   2.54 MBytes       
[  5] 135.00-136.00 sec  5.41 MBytes  45.4 Mbits/sec    0   2.98 MBytes       
[  5] 136.00-137.00 sec  6.01 MBytes  50.4 Mbits/sec    0   3.00 MBytes       
[  5] 137.00-138.00 sec  5.65 MBytes  47.4 Mbits/sec   29   2.17 MBytes       
[  5] 138.00-139.00 sec  5.20 MBytes  43.6 Mbits/sec    0   2.34 MBytes       
[  5] 139.00-140.00 sec  5.70 MBytes  47.8 Mbits/sec    0   2.51 MBytes       
[  5] 140.00-141.00 sec  5.52 MBytes  46.3 Mbits/sec    0   2.65 MBytes       
[  5] 141.00-142.00 sec  5.77 MBytes  48.4 Mbits/sec    0   2.76 MBytes       
[  5] 142.00-143.00 sec  5.61 MBytes  47.0 Mbits/sec    0   2.84 MBytes       
[  5] 143.00-144.00 sec  5.46 MBytes  45.8 Mbits/sec    0   2.90 MBytes       
[  5] 144.00-145.00 sec  5.64 MBytes  47.3 Mbits/sec    0   2.95 MBytes       
[  5] 145.00-146.00 sec  5.46 MBytes  45.8 Mbits/sec    0   2.97 MBytes       
[  5] 146.00-147.00 sec  5.64 MBytes  47.3 Mbits/sec    0   2.99 MBytes       
[  5] 147.00-148.00 sec  5.39 MBytes  45.2 Mbits/sec    0   3.00 MBytes       
[  5] 148.00-149.00 sec  5.95 MBytes  49.9 Mbits/sec    0   3.00 MBytes       
[  5] 149.00-150.00 sec  5.27 MBytes  44.2 Mbits/sec    0   3.00 MBytes       
[  5] 150.00-151.00 sec  5.70 MBytes  47.8 Mbits/sec    0   3.00 MBytes       
[  5] 151.00-152.00 sec  5.33 MBytes  44.7 Mbits/sec    0   3.00 MBytes       
[  5] 152.00-153.00 sec  4.56 MBytes  38.2 Mbits/sec   11   1.37 MBytes       
[  5] 153.00-154.00 sec  7.20 MBytes  60.4 Mbits/sec    0   2.19 MBytes       
[  5] 154.00-155.00 sec  5.00 MBytes  41.9 Mbits/sec    0   2.29 MBytes       
[  5] 155.00-156.00 sec  5.88 MBytes  49.4 Mbits/sec    0   2.38 MBytes       
[  5] 156.00-157.00 sec  5.57 MBytes  46.8 Mbits/sec    0   2.44 MBytes       
[  5] 157.00-158.00 sec  5.33 MBytes  44.7 Mbits/sec    0   2.49 MBytes       
[  5] 158.00-159.00 sec  5.64 MBytes  47.3 Mbits/sec    0   2.52 MBytes       
[  5] 159.00-160.00 sec  5.87 MBytes  49.3 Mbits/sec    0   2.54 MBytes       
[  5] 160.00-161.00 sec  5.51 MBytes  46.2 Mbits/sec    0   2.55 MBytes       
[  5] 161.00-162.00 sec  5.51 MBytes  46.2 Mbits/sec    0   2.55 MBytes       
[  5] 162.00-163.00 sec  5.57 MBytes  46.8 Mbits/sec    0   2.55 MBytes       
[  5] 163.00-164.00 sec  5.58 MBytes  46.8 Mbits/sec    0   2.55 MBytes       
[  5] 164.00-165.00 sec  5.58 MBytes  46.8 Mbits/sec    0   2.56 MBytes       
[  5] 165.00-166.00 sec  5.58 MBytes  46.8 Mbits/sec    0   2.57 MBytes       
[  5] 166.00-167.00 sec  5.64 MBytes  47.3 Mbits/sec    0   2.59 MBytes       
[  5] 167.00-168.00 sec  5.64 MBytes  47.3 Mbits/sec    0   2.63 MBytes       
[  5] 168.00-169.00 sec  5.77 MBytes  48.4 Mbits/sec    0   2.68 MBytes       
[  5] 169.00-170.00 sec  5.70 MBytes  47.9 Mbits/sec    0   2.76 MBytes       
[  5] 170.00-171.00 sec  5.39 MBytes  45.2 Mbits/sec    0   2.86 MBytes       
[  5] 171.00-172.00 sec  5.52 MBytes  46.3 Mbits/sec    0   2.98 MBytes       
[  5] 172.00-173.00 sec  5.45 MBytes  45.7 Mbits/sec    0   3.02 MBytes       
[  5] 173.00-174.00 sec  5.76 MBytes  48.3 Mbits/sec    0   3.02 MBytes       
[  5] 174.00-175.00 sec  5.27 MBytes  44.2 Mbits/sec    0   3.02 MBytes       
[  5] 175.00-176.00 sec  5.95 MBytes  49.9 Mbits/sec    0   3.02 MBytes       
[  5] 176.00-177.00 sec  5.46 MBytes  45.8 Mbits/sec    0   3.02 MBytes       
[  5] 177.00-178.00 sec  4.14 MBytes  34.8 Mbits/sec  108   1.72 MBytes       
[  5] 178.00-179.00 sec  6.82 MBytes  57.3 Mbits/sec    0   2.22 MBytes       
[  5] 179.00-180.00 sec  5.51 MBytes  46.2 Mbits/sec    0   2.40 MBytes       
[  5] 180.00-181.00 sec  5.93 MBytes  49.7 Mbits/sec   20   1.74 MBytes       
[  5] 181.00-182.00 sec  5.65 MBytes  47.5 Mbits/sec    0   1.84 MBytes       
[  5] 182.00-183.00 sec  5.72 MBytes  48.0 Mbits/sec    0   1.93 MBytes       
[  5] 183.00-184.00 sec  5.53 MBytes  46.4 Mbits/sec    0   1.99 MBytes       
[  5] 184.00-185.00 sec  5.47 MBytes  45.9 Mbits/sec    0   2.03 MBytes       
[  5] 185.00-186.00 sec  5.34 MBytes  44.8 Mbits/sec    0   2.06 MBytes       
[  5] 186.00-187.00 sec  5.41 MBytes  45.3 Mbits/sec    0   2.08 MBytes       
[  5] 187.00-188.00 sec  5.72 MBytes  48.0 Mbits/sec    0   2.09 MBytes       
[  5] 188.00-189.00 sec  5.72 MBytes  48.0 Mbits/sec    0   2.09 MBytes       
[  5] 189.00-190.00 sec  5.78 MBytes  48.5 Mbits/sec    0   2.09 MBytes       
[  5] 190.00-191.00 sec  5.56 MBytes  46.6 Mbits/sec   65   1.51 MBytes       
[  5] 191.00-192.00 sec  5.72 MBytes  48.0 Mbits/sec    0   1.66 MBytes       
[  5] 192.00-193.00 sec  5.22 MBytes  43.8 Mbits/sec    0   1.78 MBytes       
[  5] 193.00-194.00 sec  5.53 MBytes  46.4 Mbits/sec    0   1.88 MBytes       
[  5] 194.00-195.00 sec  5.65 MBytes  47.4 Mbits/sec    0   1.95 MBytes       
[  5] 195.00-196.00 sec  5.47 MBytes  45.9 Mbits/sec    0   2.01 MBytes       
[  5] 196.00-197.00 sec  5.47 MBytes  45.9 Mbits/sec    0   2.04 MBytes       
[  5] 197.00-198.00 sec  5.59 MBytes  46.9 Mbits/sec    0   2.07 MBytes       
[  5] 198.00-199.00 sec  5.78 MBytes  48.5 Mbits/sec    0   2.08 MBytes       
[  5] 199.00-200.00 sec  5.72 MBytes  48.0 Mbits/sec    0   2.09 MBytes       
[  5] 200.00-201.00 sec  5.59 MBytes  46.9 Mbits/sec    0   2.09 MBytes       
[  5] 201.00-202.00 sec  5.28 MBytes  44.3 Mbits/sec    0   2.09 MBytes       
[  5] 202.00-203.00 sec  5.53 MBytes  46.4 Mbits/sec    0   2.09 MBytes       
[  5] 203.00-204.00 sec  5.78 MBytes  48.5 Mbits/sec    0   2.10 MBytes       
[  5] 204.00-205.00 sec  5.72 MBytes  48.0 Mbits/sec    0   2.12 MBytes       
[  5] 205.00-206.00 sec  5.41 MBytes  45.4 Mbits/sec    0   2.15 MBytes       
[  5] 206.00-207.00 sec  5.39 MBytes  45.2 Mbits/sec    0   2.19 MBytes       
[  5] 207.00-208.00 sec  5.88 MBytes  49.4 Mbits/sec    0   2.26 MBytes       
[  5] 208.00-209.00 sec  5.26 MBytes  44.2 Mbits/sec    0   2.34 MBytes       
[  5] 209.00-210.00 sec  5.76 MBytes  48.3 Mbits/sec    0   2.45 MBytes       
[  5] 210.00-211.00 sec  5.52 MBytes  46.3 Mbits/sec    0   2.59 MBytes       
[  5] 211.00-212.00 sec  5.67 MBytes  47.6 Mbits/sec    0   2.76 MBytes       
[  5] 212.00-213.00 sec  5.71 MBytes  47.9 Mbits/sec    0   2.97 MBytes       
[  5] 213.00-214.00 sec  5.14 MBytes  43.1 Mbits/sec    0   3.04 MBytes       
[  5] 214.00-215.00 sec  5.14 MBytes  43.2 Mbits/sec    0   3.04 MBytes       
[  5] 215.00-216.00 sec  6.57 MBytes  55.1 Mbits/sec    0   3.04 MBytes       
[  5] 216.00-217.00 sec  5.41 MBytes  45.4 Mbits/sec    1   2.17 MBytes       
[  5] 217.00-218.00 sec  5.51 MBytes  46.2 Mbits/sec    0   2.36 MBytes       
[  5] 218.00-219.00 sec  5.14 MBytes  43.1 Mbits/sec    0   2.52 MBytes       
[  5] 219.00-220.00 sec  5.64 MBytes  47.3 Mbits/sec    0   2.66 MBytes       
[  5] 220.00-221.00 sec  5.46 MBytes  45.8 Mbits/sec    0   2.77 MBytes       
[  5] 221.00-222.00 sec  6.25 MBytes  52.4 Mbits/sec    0   2.86 MBytes       
[  5] 222.00-223.00 sec  5.76 MBytes  48.3 Mbits/sec    0   2.93 MBytes       
[  5] 223.00-224.00 sec  5.14 MBytes  43.2 Mbits/sec    0   2.97 MBytes       
[  5] 224.00-225.00 sec  5.95 MBytes  49.9 Mbits/sec    0   3.00 MBytes       
[  5] 225.00-226.00 sec  5.33 MBytes  44.7 Mbits/sec    0   3.00 MBytes       
[  5] 226.00-227.00 sec  5.51 MBytes  46.2 Mbits/sec    0   3.00 MBytes       
[  5] 227.00-228.00 sec  5.49 MBytes  46.0 Mbits/sec    0   3.00 MBytes       
[  5] 228.00-229.00 sec  5.82 MBytes  48.8 Mbits/sec    0   3.00 MBytes       
[  5] 229.00-230.00 sec  5.45 MBytes  45.7 Mbits/sec    0   3.00 MBytes       
[  5] 230.00-231.00 sec  5.64 MBytes  47.3 Mbits/sec    0   3.00 MBytes       
[  5] 231.00-232.00 sec  5.58 MBytes  46.8 Mbits/sec    0   3.00 MBytes       
[  5] 232.00-233.00 sec  5.64 MBytes  47.3 Mbits/sec    0   3.00 MBytes       
[  5] 233.00-234.00 sec  5.46 MBytes  45.8 Mbits/sec    0   3.00 MBytes       
[  5] 234.00-235.00 sec  5.70 MBytes  47.8 Mbits/sec    0   3.00 MBytes       
[  5] 235.00-236.00 sec  5.50 MBytes  46.1 Mbits/sec    0   3.00 MBytes       
[  5] 236.00-237.00 sec  5.70 MBytes  47.8 Mbits/sec    0   3.00 MBytes       
[  5] 237.00-238.00 sec  5.50 MBytes  46.1 Mbits/sec    0   3.00 MBytes       
[  5] 238.00-239.00 sec  5.64 MBytes  47.3 Mbits/sec    0   3.00 MBytes       
[  5] 239.00-240.00 sec  5.58 MBytes  46.8 Mbits/sec    0   3.00 MBytes       
[  5] 240.00-241.00 sec  5.64 MBytes  47.3 Mbits/sec    0   3.00 MBytes       
[  5] 241.00-242.00 sec  5.48 MBytes  46.0 Mbits/sec    0   3.00 MBytes       
[  5] 242.00-243.00 sec  5.08 MBytes  42.6 Mbits/sec    2   2.03 MBytes       
[  5] 243.00-244.00 sec  6.09 MBytes  51.1 Mbits/sec    0   2.17 MBytes       
[  5] 244.00-245.00 sec  6.24 MBytes  52.4 Mbits/sec    1   1.56 MBytes       
[  5] 245.00-246.00 sec  5.65 MBytes  47.5 Mbits/sec    0   1.65 MBytes       
[  5] 246.00-247.00 sec  5.22 MBytes  43.8 Mbits/sec    0   1.73 MBytes       
[  5] 247.00-248.00 sec  5.65 MBytes  47.4 Mbits/sec    0   1.79 MBytes       
[  5] 248.00-249.00 sec  5.78 MBytes  48.5 Mbits/sec    0   1.84 MBytes       
[  5] 249.00-250.00 sec  5.41 MBytes  45.4 Mbits/sec    0   1.86 MBytes       
[  5] 250.00-251.00 sec  5.53 MBytes  46.4 Mbits/sec    0   1.88 MBytes       
[  5] 251.00-252.00 sec  5.47 MBytes  45.9 Mbits/sec    0   1.89 MBytes       
[  5] 252.00-253.00 sec  6.04 MBytes  50.7 Mbits/sec    4   1.35 MBytes       
[  5] 253.00-254.00 sec  5.65 MBytes  47.4 Mbits/sec    0   1.44 MBytes       
[  5] 254.00-255.00 sec  5.53 MBytes  46.4 Mbits/sec    0   1.50 MBytes       
[  5] 255.00-256.00 sec  5.59 MBytes  46.9 Mbits/sec    0   1.55 MBytes       
[  5] 256.00-257.00 sec  5.47 MBytes  45.9 Mbits/sec    0   1.58 MBytes       
[  5] 257.00-258.00 sec  5.34 MBytes  44.8 Mbits/sec    0   1.59 MBytes       
[  5] 258.00-259.00 sec  5.78 MBytes  48.5 Mbits/sec    0   1.60 MBytes       
[  5] 259.00-260.00 sec  5.72 MBytes  48.0 Mbits/sec    0   1.60 MBytes       
[  5] 260.00-261.00 sec  5.28 MBytes  44.3 Mbits/sec    0   1.60 MBytes       
[  5] 261.00-262.00 sec  5.65 MBytes  47.4 Mbits/sec    0   1.61 MBytes       
[  5] 262.00-263.00 sec  5.78 MBytes  48.5 Mbits/sec    0   1.61 MBytes       
[  5] 263.00-264.00 sec  5.41 MBytes  45.4 Mbits/sec    0   1.62 MBytes       
[  5] 264.00-265.00 sec  5.59 MBytes  46.9 Mbits/sec    0   1.65 MBytes       
[  5] 265.00-266.00 sec  5.78 MBytes  48.5 Mbits/sec    0   1.68 MBytes       
[  5] 266.00-267.00 sec  5.34 MBytes  44.8 Mbits/sec    0   1.74 MBytes       
[  5] 267.00-268.00 sec  5.47 MBytes  45.9 Mbits/sec    0   1.81 MBytes       
[  5] 268.00-269.00 sec  5.82 MBytes  48.9 Mbits/sec  117   1.31 MBytes       
[  5] 269.00-270.00 sec  5.72 MBytes  48.0 Mbits/sec    0   1.45 MBytes       
[  5] 270.00-271.00 sec  5.53 MBytes  46.4 Mbits/sec    0   1.57 MBytes       
[  5] 271.00-272.00 sec  5.16 MBytes  43.3 Mbits/sec    0   1.65 MBytes       
[  5] 272.00-273.00 sec  5.84 MBytes  49.0 Mbits/sec    0   1.73 MBytes       
[  5] 273.00-274.00 sec  5.28 MBytes  44.3 Mbits/sec    0   1.78 MBytes       
[  5] 274.00-275.00 sec  5.65 MBytes  47.4 Mbits/sec    0   1.81 MBytes       
[  5] 275.00-276.00 sec  5.78 MBytes  48.5 Mbits/sec    0   1.83 MBytes       
[  5] 276.00-277.00 sec  5.47 MBytes  45.9 Mbits/sec    0   1.84 MBytes       
[  5] 277.00-278.00 sec  5.47 MBytes  45.9 Mbits/sec    0   1.85 MBytes       
[  5] 278.00-279.00 sec  5.47 MBytes  45.9 Mbits/sec    0   1.85 MBytes       
[  5] 279.00-280.00 sec  3.29 MBytes  27.6 Mbits/sec    0   1.85 MBytes       
[  5] 280.00-281.00 sec  0.00 Bytes  0.00 bits/sec    1   1.41 KBytes       
[  5] 281.00-282.00 sec  0.00 Bytes  0.00 bits/sec    1   1.41 KBytes       
[  5] 282.00-283.00 sec  0.00 Bytes  0.00 bits/sec    0   1.41 KBytes       
[  5] 283.00-284.00 sec  1.37 MBytes  11.5 Mbits/sec    0   1.94 MBytes       
[  5] 284.00-285.00 sec  0.00 Bytes  0.00 bits/sec    0   1.94 MBytes       
[  5] 285.00-286.00 sec  0.00 Bytes  0.00 bits/sec    0   1.94 MBytes       
[  5] 286.00-287.00 sec  0.00 Bytes  0.00 bits/sec    0   1.94 MBytes       
[  5] 287.00-288.00 sec  0.00 Bytes  0.00 bits/sec    0   1.94 MBytes       
[  5] 288.00-289.00 sec  0.00 Bytes  0.00 bits/sec    0   1.94 MBytes       
[  5] 289.00-290.00 sec  0.00 Bytes  0.00 bits/sec    0   1.94 MBytes       
[  5] 290.00-291.00 sec  0.00 Bytes  0.00 bits/sec    0   1.94 MBytes       
[  5] 291.00-292.00 sec  0.00 Bytes  0.00 bits/sec    0   1.94 MBytes       
[  5] 292.00-293.00 sec  1.80 MBytes  15.1 Mbits/sec  1373    697 KBytes       
[  5] 293.00-294.00 sec  5.28 MBytes  44.3 Mbits/sec    0   1.47 MBytes       
[  5] 294.00-295.00 sec  5.47 MBytes  45.9 Mbits/sec    0   1.60 MBytes       
[  5] 295.00-296.00 sec  5.28 MBytes  44.3 Mbits/sec    0   1.70 MBytes       
[  5] 296.00-297.00 sec  9.51 MBytes  79.8 Mbits/sec   51    560 KBytes       
[  5] 297.00-298.00 sec  23.5 MBytes   197 Mbits/sec    0    909 KBytes       
[  5] 298.00-299.00 sec  22.2 MBytes   186 Mbits/sec    6    690 KBytes       
[  5] 299.00-300.00 sec  22.4 MBytes   188 Mbits/sec   15    515 KBytes       
[  5] 300.00-301.00 sec  17.1 MBytes   143 Mbits/sec    6    395 KBytes       
[  5] 301.00-302.00 sec  13.6 MBytes   114 Mbits/sec    0    433 KBytes       
[  5] 302.00-303.00 sec  14.6 MBytes   123 Mbits/sec    0    455 KBytes       
[  5] 303.00-304.00 sec  15.0 MBytes   126 Mbits/sec    0    467 KBytes       
[  5] 304.00-305.00 sec  15.9 MBytes   133 Mbits/sec    0    492 KBytes       
[  5] 305.00-306.00 sec  16.7 MBytes   140 Mbits/sec    0    518 KBytes       
[  5] 306.00-307.00 sec  13.7 MBytes   115 Mbits/sec    4    279 KBytes       
[  5] 307.00-308.00 sec  7.46 MBytes  62.5 Mbits/sec    7    219 KBytes       
[  5] 308.00-309.00 sec  7.50 MBytes  62.9 Mbits/sec    0    242 KBytes       
[  5] 309.00-310.00 sec  8.47 MBytes  71.1 Mbits/sec    0    267 KBytes       
[  5] 310.00-311.00 sec  9.20 MBytes  77.2 Mbits/sec    0    293 KBytes       
[  5] 311.00-312.00 sec  10.0 MBytes  83.9 Mbits/sec    0    318 KBytes       
[  5] 312.00-313.00 sec  10.9 MBytes  91.8 Mbits/sec    0    344 KBytes       
[  5] 313.00-314.00 sec  11.7 MBytes  98.5 Mbits/sec    0    369 KBytes       
[  5] 314.00-315.00 sec  9.38 MBytes  78.7 Mbits/sec    5    304 KBytes       
[  5] 315.00-316.00 sec  10.6 MBytes  88.6 Mbits/sec    0    337 KBytes       
[  5] 316.00-317.00 sec  11.4 MBytes  95.4 Mbits/sec    0    356 KBytes       
[  5] 317.00-318.00 sec  11.9 MBytes  99.6 Mbits/sec    0    366 KBytes       
[  5] 318.00-319.00 sec  12.3 MBytes   103 Mbits/sec    0    383 KBytes       
[  5] 319.00-320.00 sec  13.0 MBytes   109 Mbits/sec    0    407 KBytes       
[  5] 320.00-321.00 sec  13.8 MBytes   115 Mbits/sec    0    433 KBytes       
[  5] 321.00-322.00 sec  14.6 MBytes   122 Mbits/sec    0    458 KBytes       
[  5] 322.00-323.00 sec  9.57 MBytes  80.3 Mbits/sec    9    180 KBytes       
[  5] 323.00-324.00 sec  6.25 MBytes  52.4 Mbits/sec    0    204 KBytes       
[  5] 324.00-325.00 sec  7.23 MBytes  60.7 Mbits/sec    0    229 KBytes       
[  5] 325.00-326.00 sec  8.02 MBytes  67.3 Mbits/sec    0    255 KBytes       
[  5] 326.00-327.00 sec  8.39 MBytes  70.4 Mbits/sec    1    199 KBytes       
[  5] 327.00-328.00 sec  7.27 MBytes  61.0 Mbits/sec    0    238 KBytes       
[  5] 328.00-329.00 sec  6.77 MBytes  56.8 Mbits/sec   18    187 KBytes       
[  5] 329.00-330.00 sec  6.52 MBytes  54.7 Mbits/sec    0    212 KBytes       
[  5] 330.00-331.00 sec  7.33 MBytes  61.5 Mbits/sec    0    236 KBytes       
[  5] 331.00-332.00 sec  8.33 MBytes  69.9 Mbits/sec    0    262 KBytes       
[  5] 332.00-333.00 sec  9.01 MBytes  75.6 Mbits/sec    0    287 KBytes       
[  5] 333.00-334.00 sec  9.82 MBytes  82.3 Mbits/sec    0    313 KBytes       
[  5] 334.00-335.00 sec  10.7 MBytes  89.7 Mbits/sec    0    338 KBytes       
[  5] 335.00-336.00 sec  11.6 MBytes  97.0 Mbits/sec    0    363 KBytes       
[  5] 336.00-337.00 sec  12.4 MBytes   104 Mbits/sec    0    389 KBytes       
[  5] 337.00-338.00 sec  13.2 MBytes   111 Mbits/sec    0    414 KBytes       
[  5] 338.00-339.00 sec  14.0 MBytes   117 Mbits/sec    0    440 KBytes       
[  5] 339.00-340.00 sec  13.9 MBytes   116 Mbits/sec    0    462 KBytes       
[  5] 340.00-341.00 sec  12.6 MBytes   106 Mbits/sec    0    549 KBytes       
[  5] 341.00-342.00 sec  15.3 MBytes   129 Mbits/sec    1    474 KBytes       
[  5] 342.00-343.00 sec  13.2 MBytes   111 Mbits/sec    0    543 KBytes       
[  5] 343.00-344.00 sec  14.6 MBytes   122 Mbits/sec    0    595 KBytes       
[  5] 344.00-345.00 sec  15.8 MBytes   133 Mbits/sec    0    629 KBytes       
[  5] 345.00-346.00 sec  14.2 MBytes   119 Mbits/sec    1    471 KBytes       
[  5] 346.00-347.00 sec  12.7 MBytes   106 Mbits/sec    0    508 KBytes       
[  5] 347.00-348.00 sec  13.5 MBytes   113 Mbits/sec    0    529 KBytes       
[  5] 348.00-349.00 sec  2.36 MBytes  19.8 Mbits/sec    2   1.41 KBytes       
[  5] 349.00-350.00 sec  0.00 Bytes  0.00 bits/sec    1   1.41 KBytes       
[  5] 350.00-351.00 sec  0.00 Bytes  0.00 bits/sec    0   1.41 KBytes       
[  5] 351.00-352.00 sec  0.00 Bytes  0.00 bits/sec    1   1.41 KBytes       
[  5] 352.00-353.00 sec  0.00 Bytes  0.00 bits/sec    0   1.41 KBytes       
[  5] 353.00-354.00 sec  0.00 Bytes  0.00 bits/sec    0   1.41 KBytes       
[  5] 354.00-355.00 sec  0.00 Bytes  0.00 bits/sec    0   1.41 KBytes       
[  5] 355.00-356.00 sec  0.00 Bytes  0.00 bits/sec    1   1.41 KBytes       
[  5] 356.00-357.00 sec  0.00 Bytes  0.00 bits/sec    0   1.41 KBytes       
[  5] 357.00-358.00 sec  0.00 Bytes  0.00 bits/sec    0   1.41 KBytes       
[  5] 358.00-359.00 sec  0.00 Bytes  0.00 bits/sec    0   1.41 KBytes       
[  5] 359.00-360.00 sec  0.00 Bytes  0.00 bits/sec    0   1.41 KBytes       
[  5] 360.00-361.00 sec  0.00 Bytes  0.00 bits/sec    0   1.41 KBytes       
[  5] 361.00-362.00 sec  0.00 Bytes  0.00 bits/sec    0   1.41 KBytes       
[  5] 362.00-363.00 sec  0.00 Bytes  0.00 bits/sec    0   1.41 KBytes       
[  5] 363.00-364.00 sec  2.98 MBytes  25.0 Mbits/sec  366    506 KBytes       
[  5] 364.00-365.00 sec  12.7 MBytes   106 Mbits/sec    8    501 KBytes       
[  5] 365.00-366.00 sec  13.6 MBytes   114 Mbits/sec    0    554 KBytes       
[  5] 366.00-367.00 sec  14.8 MBytes   124 Mbits/sec    0    592 KBytes       
[  5] 367.00-368.00 sec  15.7 MBytes   131 Mbits/sec    0    615 KBytes       
[  5] 368.00-369.00 sec  16.2 MBytes   136 Mbits/sec    0    628 KBytes       
[  5] 369.00-370.00 sec  16.2 MBytes   136 Mbits/sec    0    632 KBytes       
[  5] 370.00-371.00 sec  16.2 MBytes   136 Mbits/sec    0    632 KBytes       
[  5] 371.00-372.00 sec  16.4 MBytes   138 Mbits/sec    0    632 KBytes       
[  5] 372.00-373.00 sec  16.3 MBytes   137 Mbits/sec    0    635 KBytes       
[  5] 373.00-374.00 sec  16.5 MBytes   138 Mbits/sec    0    645 KBytes       
[  5] 374.00-375.00 sec  13.2 MBytes   111 Mbits/sec    3    513 KBytes       
[  5] 375.00-376.00 sec  14.0 MBytes   118 Mbits/sec    0    568 KBytes       
[  5] 376.00-377.00 sec  12.4 MBytes   104 Mbits/sec    2    434 KBytes       
[  5] 377.00-378.00 sec  8.20 MBytes  68.8 Mbits/sec    6    238 KBytes       
[  5] 378.00-379.00 sec  6.46 MBytes  54.2 Mbits/sec    0    259 KBytes       
[  5] 379.00-380.00 sec  4.91 MBytes  41.2 Mbits/sec   36    201 KBytes       
[  5] 380.00-381.00 sec  5.41 MBytes  45.4 Mbits/sec    0    216 KBytes       
[  5] 381.00-382.00 sec  5.90 MBytes  49.5 Mbits/sec    0    236 KBytes       
[  5] 382.00-383.00 sec  6.40 MBytes  53.7 Mbits/sec    0    256 KBytes       
[  5] 383.00-384.00 sec  6.90 MBytes  57.9 Mbits/sec    6    256 KBytes       
[  5] 384.00-385.00 sec  5.72 MBytes  48.0 Mbits/sec    0    233 KBytes       
[  5] 385.00-386.00 sec  6.46 MBytes  54.2 Mbits/sec    0    257 KBytes       
[  5] 386.00-387.00 sec  5.00 MBytes  41.9 Mbits/sec    9    143 KBytes       
[  5] 387.00-388.00 sec  3.08 MBytes  25.8 Mbits/sec   47    113 KBytes       
[  5] 388.00-389.00 sec  3.23 MBytes  27.1 Mbits/sec    0    133 KBytes       
[  5] 389.00-390.00 sec  3.73 MBytes  31.3 Mbits/sec    0    154 KBytes       
[  5] 390.00-391.00 sec  4.29 MBytes  36.0 Mbits/sec    0    174 KBytes       
[  5] 391.00-392.00 sec  4.78 MBytes  40.1 Mbits/sec    0    194 KBytes       
[  5] 392.00-393.00 sec  5.28 MBytes  44.3 Mbits/sec    0    214 KBytes       
[  5] 393.00-394.00 sec  5.84 MBytes  49.0 Mbits/sec    0    235 KBytes       
[  5] 394.00-395.00 sec  6.25 MBytes  52.4 Mbits/sec    0    255 KBytes       
[  5] 395.00-396.00 sec  6.92 MBytes  58.1 Mbits/sec    0    274 KBytes       
[  5] 396.00-397.00 sec  7.39 MBytes  62.0 Mbits/sec    0    294 KBytes       
[  5] 397.00-398.00 sec  7.95 MBytes  66.7 Mbits/sec    0    328 KBytes       
[  5] 398.00-399.00 sec  9.76 MBytes  81.8 Mbits/sec    0    427 KBytes       
[  5] 399.00-400.00 sec  12.5 MBytes   105 Mbits/sec    0    553 KBytes       
[  5] 400.00-401.00 sec  11.9 MBytes   100 Mbits/sec    4    457 KBytes       
[  5] 401.00-402.00 sec  12.5 MBytes   105 Mbits/sec    0    508 KBytes       
[  5] 402.00-403.00 sec  13.4 MBytes   113 Mbits/sec    0    542 KBytes       
[  5] 403.00-404.00 sec  10.8 MBytes  90.2 Mbits/sec   46    290 KBytes       
[  5] 404.00-405.00 sec  8.02 MBytes  67.2 Mbits/sec    0    320 KBytes       
[  5] 405.00-406.00 sec  8.39 MBytes  70.4 Mbits/sec    0    337 KBytes       
[  5] 406.00-407.00 sec  8.75 MBytes  73.4 Mbits/sec    0    346 KBytes       
[  5] 407.00-408.00 sec  9.33 MBytes  78.3 Mbits/sec    0    366 KBytes       
[  5] 408.00-409.00 sec  9.82 MBytes  82.4 Mbits/sec    0    387 KBytes       
[  5] 409.00-410.00 sec  10.2 MBytes  85.5 Mbits/sec    0    407 KBytes       
[  5] 410.00-411.00 sec  10.8 MBytes  90.7 Mbits/sec    0    427 KBytes       
[  5] 411.00-412.00 sec  11.2 MBytes  94.4 Mbits/sec    0    447 KBytes       
[  5] 412.00-413.00 sec  11.9 MBytes  99.6 Mbits/sec    0    467 KBytes       
[  5] 413.00-414.00 sec  11.2 MBytes  93.8 Mbits/sec    3    354 KBytes       
[  5] 414.00-415.00 sec  9.94 MBytes  83.4 Mbits/sec    0    407 KBytes       
[  5] 415.00-416.00 sec  11.0 MBytes  92.3 Mbits/sec    0    444 KBytes       
[  5] 416.00-417.00 sec  11.7 MBytes  98.5 Mbits/sec    0    464 KBytes       
[  5] 417.00-418.00 sec  10.9 MBytes  91.7 Mbits/sec   20    344 KBytes       
[  5] 418.00-419.00 sec  9.38 MBytes  78.7 Mbits/sec    0    373 KBytes       
[  5] 419.00-420.00 sec  9.13 MBytes  76.6 Mbits/sec    5    280 KBytes       
[  5] 420.00-421.00 sec  7.64 MBytes  64.1 Mbits/sec    0    307 KBytes       
[  5] 421.00-422.00 sec  8.20 MBytes  68.8 Mbits/sec    0    321 KBytes       
[  5] 422.00-423.00 sec  8.51 MBytes  71.4 Mbits/sec    0    335 KBytes       
[  5] 423.00-424.00 sec  8.89 MBytes  74.6 Mbits/sec    0    355 KBytes       
[  5] 424.00-425.00 sec  9.51 MBytes  79.7 Mbits/sec    0    376 KBytes       
[  5] 425.00-426.00 sec  10.0 MBytes  83.9 Mbits/sec    0    396 KBytes       
[  5] 426.00-427.00 sec  10.6 MBytes  88.7 Mbits/sec    0    416 KBytes       
[  5] 427.00-428.00 sec  11.1 MBytes  92.8 Mbits/sec    0    436 KBytes       
[  5] 428.00-429.00 sec  11.6 MBytes  97.0 Mbits/sec    0    455 KBytes       
[  5] 429.00-430.00 sec  7.83 MBytes  65.7 Mbits/sec    2    249 KBytes       
[  5] 430.00-431.00 sec  6.77 MBytes  56.8 Mbits/sec    0    267 KBytes       
[  5] 431.00-432.00 sec  7.15 MBytes  59.9 Mbits/sec    0    283 KBytes       
[  5] 432.00-433.00 sec  7.64 MBytes  64.1 Mbits/sec    0    303 KBytes       
[  5] 433.00-434.00 sec  6.34 MBytes  53.2 Mbits/sec    7    236 KBytes       
[  5] 434.00-435.00 sec  6.71 MBytes  56.3 Mbits/sec    0    274 KBytes       
[  5] 435.00-436.00 sec  7.46 MBytes  62.5 Mbits/sec    0    297 KBytes       
[  5] 436.00-437.00 sec  6.25 MBytes  52.4 Mbits/sec    4    228 KBytes       
[  5] 437.00-438.00 sec  6.25 MBytes  52.4 Mbits/sec    0    245 KBytes       
[  5] 438.00-439.00 sec  6.64 MBytes  55.7 Mbits/sec    0    263 KBytes       
[  5] 439.00-440.00 sec  7.08 MBytes  59.4 Mbits/sec    0    283 KBytes       
[  5] 440.00-441.00 sec  7.64 MBytes  64.1 Mbits/sec    0    303 KBytes       
[  5] 441.00-442.00 sec  8.14 MBytes  68.3 Mbits/sec    0    322 KBytes       
[  5] 442.00-443.00 sec  8.58 MBytes  71.9 Mbits/sec    0    344 KBytes       
[  5] 443.00-444.00 sec  9.26 MBytes  77.7 Mbits/sec    0    363 KBytes       
[  5] 444.00-445.00 sec  9.69 MBytes  81.3 Mbits/sec    0    383 KBytes       
[  5] 445.00-446.00 sec  10.1 MBytes  85.0 Mbits/sec    0    403 KBytes       
[  5] 446.00-447.00 sec  10.7 MBytes  89.7 Mbits/sec    0    423 KBytes       
[  5] 447.00-448.00 sec  11.4 MBytes  95.4 Mbits/sec    1    335 KBytes       
[  5] 448.00-449.00 sec  7.77 MBytes  65.2 Mbits/sec    7    270 KBytes       
[  5] 449.00-450.00 sec  7.33 MBytes  61.5 Mbits/sec    0    290 KBytes       
[  5] 450.00-451.00 sec  7.71 MBytes  64.7 Mbits/sec    0    301 KBytes       
[  5] 451.00-452.00 sec  8.08 MBytes  67.8 Mbits/sec    0    322 KBytes       
[  5] 452.00-453.00 sec  6.71 MBytes  56.3 Mbits/sec    1    264 KBytes       
[  5] 453.00-454.00 sec  7.33 MBytes  61.5 Mbits/sec    0    296 KBytes       
[  5] 454.00-455.00 sec  7.95 MBytes  66.7 Mbits/sec    0    314 KBytes       
[  5] 455.00-456.00 sec  8.33 MBytes  69.8 Mbits/sec    0    322 KBytes       
[  5] 456.00-457.00 sec  8.39 MBytes  70.4 Mbits/sec    0    324 KBytes       
[  5] 457.00-458.00 sec  8.70 MBytes  73.0 Mbits/sec    0    344 KBytes       
[  5] 458.00-459.00 sec  8.51 MBytes  71.4 Mbits/sec    3    264 KBytes       
[  5] 459.00-460.00 sec  7.27 MBytes  61.0 Mbits/sec    1    214 KBytes       
[  5] 460.00-461.00 sec  5.97 MBytes  50.0 Mbits/sec    0    238 KBytes       
[  5] 461.00-462.00 sec  6.25 MBytes  52.4 Mbits/sec    0    252 KBytes       
[  5] 462.00-463.00 sec  6.92 MBytes  58.1 Mbits/sec    0    273 KBytes       
[  5] 463.00-464.00 sec  7.33 MBytes  61.5 Mbits/sec    0    293 KBytes       
[  5] 464.00-465.00 sec  7.15 MBytes  59.9 Mbits/sec   39    226 KBytes       
[  5] 465.00-466.00 sec  6.25 MBytes  52.4 Mbits/sec    0    264 KBytes       
[  5] 466.00-467.00 sec  7.30 MBytes  61.2 Mbits/sec    0    288 KBytes       
[  5] 467.00-468.00 sec  7.71 MBytes  64.7 Mbits/sec    0    300 KBytes       
[  5] 468.00-469.00 sec  7.89 MBytes  66.2 Mbits/sec    0    305 KBytes       
[  5] 469.00-470.00 sec  8.14 MBytes  68.3 Mbits/sec    0    320 KBytes       
[  5] 470.00-471.00 sec  8.51 MBytes  71.4 Mbits/sec    0    339 KBytes       
[  5] 471.00-472.00 sec  9.13 MBytes  76.6 Mbits/sec    0    359 KBytes       
[  5] 472.00-473.00 sec  9.57 MBytes  80.3 Mbits/sec    0    379 KBytes       
[  5] 473.00-474.00 sec  10.1 MBytes  85.0 Mbits/sec    0    399 KBytes       
[  5] 474.00-475.00 sec  8.75 MBytes  73.4 Mbits/sec    1    318 KBytes       
[  5] 475.00-476.00 sec  8.90 MBytes  74.7 Mbits/sec    0    359 KBytes       
[  5] 476.00-477.00 sec  8.70 MBytes  73.0 Mbits/sec    0    383 KBytes       
[  5] 477.00-478.00 sec   764 KBytes  6.25 Mbits/sec  264    279 KBytes       
[  5] 478.00-479.00 sec  1.12 MBytes  9.38 Mbits/sec   13    211 KBytes       
[  5] 479.00-480.00 sec  1.12 MBytes  9.38 Mbits/sec    0    228 KBytes       
[  5] 480.00-481.00 sec  1.12 MBytes  9.38 Mbits/sec    0    236 KBytes       
[  5] 481.00-482.00 sec  1.12 MBytes  9.38 Mbits/sec    0    238 KBytes       
[  5] 482.00-483.00 sec  1.12 MBytes  9.38 Mbits/sec    0    238 KBytes       
[  5] 483.00-484.00 sec  1.12 MBytes  9.38 Mbits/sec    0    239 KBytes       
[  5] 484.00-485.00 sec  1.12 MBytes  9.38 Mbits/sec    0    245 KBytes       
[  5] 485.00-486.00 sec  1.12 MBytes  9.38 Mbits/sec   10    191 KBytes       
[  5] 486.00-487.00 sec  1.12 MBytes  9.38 Mbits/sec    0    218 KBytes       
[  5] 487.00-488.00 sec  1.12 MBytes  9.38 Mbits/sec    0    236 KBytes       
[  5] 488.00-489.00 sec  1.12 MBytes  9.38 Mbits/sec    0    245 KBytes       
[  5] 489.00-490.00 sec  1.12 MBytes  9.38 Mbits/sec    0    246 KBytes       
[  5] 490.00-491.00 sec  1.12 MBytes  9.38 Mbits/sec    0    246 KBytes       
[  5] 491.00-492.00 sec  1.12 MBytes  9.38 Mbits/sec    0    247 KBytes       
[  5] 492.00-493.00 sec  1.12 MBytes  9.38 Mbits/sec    0    253 KBytes       
[  5] 493.00-494.00 sec  1.06 MBytes  8.86 Mbits/sec    0    266 KBytes       
[  5] 494.00-495.00 sec  1.12 MBytes  9.38 Mbits/sec    0    290 KBytes       
[  5] 495.00-496.00 sec  1.12 MBytes  9.38 Mbits/sec   23    192 KBytes       
[  5] 496.00-497.00 sec  1.24 MBytes  10.4 Mbits/sec    0    171 KBytes       
[  5] 497.00-498.00 sec  1.12 MBytes  9.38 Mbits/sec   10    132 KBytes       
[  5] 498.00-499.00 sec  1.12 MBytes  9.38 Mbits/sec    0    146 KBytes       
[  5] 499.00-500.00 sec  1.06 MBytes  8.86 Mbits/sec    0    151 KBytes       
[  5] 500.00-501.00 sec  1.12 MBytes  9.38 Mbits/sec    0    151 KBytes       
[  5] 501.00-502.00 sec  1.12 MBytes  9.38 Mbits/sec    0    151 KBytes       
[  5] 502.00-503.00 sec  1.12 MBytes  9.38 Mbits/sec    0    156 KBytes       
[  5] 503.00-504.00 sec  1.18 MBytes  9.90 Mbits/sec   10    123 KBytes       
[  5] 504.00-505.00 sec  1.06 MBytes  8.86 Mbits/sec    0    143 KBytes       
[  5] 505.00-506.00 sec  1.12 MBytes  9.38 Mbits/sec    0    156 KBytes       
[  5] 506.00-507.00 sec  1.12 MBytes  9.38 Mbits/sec    0    158 KBytes       
[  5] 507.00-508.00 sec  1.12 MBytes  9.38 Mbits/sec    7    126 KBytes       
[  5] 508.00-509.00 sec  1.12 MBytes  9.38 Mbits/sec    0    146 KBytes       
[  5] 509.00-510.00 sec  1.12 MBytes  9.38 Mbits/sec   26    113 KBytes       
[  5] 510.00-511.00 sec  1.12 MBytes  9.38 Mbits/sec   16   90.5 KBytes       
[  5] 511.00-512.00 sec  1.37 MBytes  11.5 Mbits/sec   17   73.5 KBytes       
[  5] 512.00-513.00 sec  1.86 MBytes  15.6 Mbits/sec    0   89.1 KBytes       
[  5] 513.00-514.00 sec  2.24 MBytes  18.8 Mbits/sec    0    106 KBytes       
[  5] 514.00-515.00 sec  2.67 MBytes  22.4 Mbits/sec    0    124 KBytes       
[  5] 515.00-516.00 sec  3.11 MBytes  26.1 Mbits/sec    0    141 KBytes       
[  5] 516.00-517.00 sec  3.48 MBytes  29.2 Mbits/sec    0    160 KBytes       
[  5] 517.00-518.00 sec  3.98 MBytes  33.4 Mbits/sec    0    178 KBytes       
[  5] 518.00-519.00 sec  4.35 MBytes  36.5 Mbits/sec    0    197 KBytes       
[  5] 519.00-520.00 sec  4.72 MBytes  39.6 Mbits/sec    0    214 KBytes       
[  5] 520.00-521.00 sec  5.16 MBytes  43.3 Mbits/sec    0    232 KBytes       
[  5] 521.00-522.00 sec  5.59 MBytes  46.9 Mbits/sec    0    256 KBytes       
[  5] 522.00-523.00 sec  5.72 MBytes  48.0 Mbits/sec    0    339 KBytes       
[  5] 523.00-524.00 sec  5.65 MBytes  47.4 Mbits/sec    0    448 KBytes       
[  5] 524.00-525.00 sec  5.72 MBytes  48.0 Mbits/sec    0    584 KBytes       
[  5] 525.00-526.00 sec  5.72 MBytes  48.0 Mbits/sec    1    489 KBytes       
[  5] 526.00-527.00 sec  5.65 MBytes  47.4 Mbits/sec    0    554 KBytes       
[  5] 527.00-528.00 sec  5.72 MBytes  48.0 Mbits/sec    0    601 KBytes       
[  5] 528.00-529.00 sec  5.72 MBytes  48.0 Mbits/sec    0    631 KBytes       
[  5] 529.00-530.00 sec  5.65 MBytes  47.4 Mbits/sec    0    648 KBytes       
[  5] 530.00-531.00 sec  5.72 MBytes  48.0 Mbits/sec    0    658 KBytes       
[  5] 531.00-532.00 sec  5.72 MBytes  48.0 Mbits/sec    0    659 KBytes       
[  5] 532.00-533.00 sec  5.65 MBytes  47.4 Mbits/sec    0    659 KBytes       
[  5] 533.00-534.00 sec  5.72 MBytes  48.0 Mbits/sec    0    660 KBytes       
[  5] 534.00-535.00 sec  5.72 MBytes  48.0 Mbits/sec    0    666 KBytes       
[  5] 535.00-536.00 sec  5.65 MBytes  47.4 Mbits/sec    0    679 KBytes       
[  5] 536.00-537.00 sec  5.78 MBytes  48.5 Mbits/sec    1    519 KBytes       
[  5] 537.00-538.00 sec  5.65 MBytes  47.4 Mbits/sec    0    583 KBytes       
[  5] 538.00-539.00 sec  5.72 MBytes  48.0 Mbits/sec    0    629 KBytes       
[  5] 539.00-540.00 sec  5.72 MBytes  48.0 Mbits/sec    0    659 KBytes       
[  5] 540.00-541.00 sec  5.65 MBytes  47.4 Mbits/sec    0    676 KBytes       
[  5] 541.00-542.00 sec  5.72 MBytes  48.0 Mbits/sec    0    684 KBytes       
[  5] 542.00-543.00 sec  5.72 MBytes  48.0 Mbits/sec    0    686 KBytes       
[  5] 543.00-544.00 sec  5.65 MBytes  47.4 Mbits/sec    0    686 KBytes       
[  5] 544.00-545.00 sec  5.72 MBytes  48.0 Mbits/sec    0    687 KBytes       
[  5] 545.00-546.00 sec  5.72 MBytes  48.0 Mbits/sec    0    693 KBytes       
[  5] 546.00-547.00 sec  5.65 MBytes  47.4 Mbits/sec    0    706 KBytes       
[  5] 547.00-548.00 sec  5.72 MBytes  48.0 Mbits/sec    0    731 KBytes       
[  5] 548.00-549.00 sec  5.72 MBytes  48.0 Mbits/sec    0    769 KBytes       
[  5] 549.00-550.00 sec  5.65 MBytes  47.4 Mbits/sec    0    826 KBytes       
[  5] 550.00-551.00 sec  5.72 MBytes  48.0 Mbits/sec    0    904 KBytes       
[  5] 551.00-552.00 sec  5.65 MBytes  47.4 Mbits/sec    0   1005 KBytes       
[  5] 552.00-553.00 sec  5.65 MBytes  47.4 Mbits/sec    0   1.11 MBytes       
[  5] 553.00-554.00 sec  5.65 MBytes  47.4 Mbits/sec    0   1.26 MBytes       
[  5] 554.00-555.00 sec  5.78 MBytes  48.5 Mbits/sec    0   1.45 MBytes       
[  5] 555.00-556.00 sec  5.65 MBytes  47.4 Mbits/sec    0   1.66 MBytes       
[  5] 556.00-557.00 sec  5.65 MBytes  47.4 Mbits/sec    0   1.92 MBytes       
[  5] 557.00-558.00 sec  5.65 MBytes  47.4 Mbits/sec    0   2.21 MBytes       
[  5] 558.00-559.00 sec  5.39 MBytes  45.2 Mbits/sec    1   2.49 MBytes       
[  5] 559.00-560.00 sec  5.97 MBytes  50.0 Mbits/sec    0   1.85 MBytes       
[  5] 560.00-561.00 sec  5.72 MBytes  48.0 Mbits/sec    0   2.01 MBytes       
[  5] 561.00-562.00 sec  5.65 MBytes  47.4 Mbits/sec    0   2.15 MBytes       
[  5] 562.00-563.00 sec  5.64 MBytes  47.3 Mbits/sec    0   2.26 MBytes       
[  5] 563.00-564.00 sec  5.70 MBytes  47.8 Mbits/sec    0   2.35 MBytes       
[  5] 564.00-565.00 sec  5.70 MBytes  47.8 Mbits/sec    0   2.42 MBytes       
[  5] 565.00-566.00 sec  5.70 MBytes  47.8 Mbits/sec    0   2.47 MBytes       
[  5] 566.00-567.00 sec  5.64 MBytes  47.3 Mbits/sec    0   2.50 MBytes       
[  5] 567.00-568.00 sec  5.70 MBytes  47.8 Mbits/sec    0   2.52 MBytes       
[  5] 568.00-569.00 sec  5.76 MBytes  48.3 Mbits/sec    0   2.53 MBytes       
[  5] 569.00-570.00 sec  5.64 MBytes  47.3 Mbits/sec    0   2.54 MBytes       
[  5] 570.00-571.00 sec  5.76 MBytes  48.3 Mbits/sec    0   2.54 MBytes       
[  5] 571.00-572.00 sec  5.70 MBytes  47.8 Mbits/sec    0   2.54 MBytes       
[  5] 572.00-573.00 sec  5.64 MBytes  47.3 Mbits/sec    0   2.54 MBytes       
[  5] 573.00-574.00 sec  3.33 MBytes  27.9 Mbits/sec  179   1.78 MBytes       
[  5] 574.00-575.00 sec  8.02 MBytes  67.3 Mbits/sec    0   1.90 MBytes       
[  5] 575.00-576.00 sec  5.65 MBytes  47.4 Mbits/sec    0   2.06 MBytes       
[  5] 576.00-577.00 sec  5.63 MBytes  47.3 Mbits/sec    0   2.20 MBytes       
[  5] 577.00-578.00 sec  5.70 MBytes  47.8 Mbits/sec    0   2.30 MBytes       
[  5] 578.00-579.00 sec  5.70 MBytes  47.8 Mbits/sec    0   2.39 MBytes       
[  5] 579.00-580.00 sec  5.70 MBytes  47.8 Mbits/sec    0   2.45 MBytes       
[  5] 580.00-581.00 sec  5.64 MBytes  47.3 Mbits/sec    0   2.49 MBytes       
[  5] 581.00-582.00 sec  5.70 MBytes  47.8 Mbits/sec    0   2.52 MBytes       
[  5] 582.00-583.00 sec  5.70 MBytes  47.8 Mbits/sec    0   2.54 MBytes       
[  5] 583.00-584.00 sec  5.76 MBytes  48.3 Mbits/sec    0   2.55 MBytes       
[  5] 584.00-585.00 sec  5.70 MBytes  47.8 Mbits/sec    0   2.55 MBytes       
[  5] 585.00-586.00 sec  5.70 MBytes  47.8 Mbits/sec    0   2.55 MBytes       
[  5] 586.00-587.00 sec  5.64 MBytes  47.3 Mbits/sec    0   2.55 MBytes       
[  5] 587.00-588.00 sec  5.77 MBytes  48.4 Mbits/sec    0   2.56 MBytes       
[  5] 588.00-589.00 sec  5.70 MBytes  47.8 Mbits/sec    0   2.57 MBytes       
[  5] 589.00-590.00 sec  5.64 MBytes  47.3 Mbits/sec    0   2.59 MBytes       
[  5] 590.00-591.00 sec  5.77 MBytes  48.4 Mbits/sec    0   2.63 MBytes       
[  5] 591.00-592.00 sec  5.70 MBytes  47.8 Mbits/sec    0   2.69 MBytes       
[  5] 592.00-593.00 sec  4.93 MBytes  41.4 Mbits/sec    2   1.53 MBytes       
[  5] 593.00-594.00 sec  6.52 MBytes  54.8 Mbits/sec    0   2.02 MBytes       
[  5] 594.00-595.00 sec  5.72 MBytes  48.0 Mbits/sec    0   2.19 MBytes       
[  5] 595.00-596.00 sec  5.64 MBytes  47.3 Mbits/sec    0   2.34 MBytes       
[  5] 596.00-597.00 sec  5.64 MBytes  47.3 Mbits/sec    0   2.46 MBytes       
[  5] 597.00-598.00 sec  5.70 MBytes  47.8 Mbits/sec    0   2.55 MBytes       
[  5] 598.00-599.00 sec  5.77 MBytes  48.4 Mbits/sec    0   2.62 MBytes       
[  5] 599.00-600.00 sec  5.21 MBytes  43.7 Mbits/sec    0   2.67 MBytes       
- - - - - - - - - - - - - - - - - - - - - - - - -
[ ID] Interval           Transfer     Bandwidth       Retr
[  5]   0.00-600.00 sec  3.14 GBytes  45.0 Mbits/sec  3996             sender
[  5]   0.00-600.00 sec  3.14 GBytes  45.0 Mbits/sec                  receiver

iperf Done.
